<?xml version="1.0" encoding="UTF-8"?>
<testsuite xmlns:xsi="http://www.w3.org/2001/XMLSchema-instance" xsi:noNamespaceSchemaLocation="https://maven.apache.org/surefire/maven-surefire-plugin/xsd/surefire-test-report.xsd" name="com.homework.PlayerTest" time="0.012" tests="3" errors="0" skipped="0" failures="0">
  <properties>
[...]
</properties>
  <testcase name="testAttachItems" classname="com.homework.PlayerTest" time="0.006"/>
  <testcase name="testGetDirection" classname="com.homework.PlayerTest" time="0.001"/>
  <testcase name="testAttacked" classname="com.homework.PlayerTest" time="0.001"/>
</testsuite>